TN:
SF:/Users/tayevon/Dropbox/GAWebDevtImmersive/week6/express-lab/labapp/app.js
FN:31,(anonymous_1)
FN:42,(anonymous_2)
FN:53,(anonymous_3)
FNF:3
FNH:0
FNDA:0,(anonymous_1)
FNDA:0,(anonymous_2)
FNDA:0,(anonymous_3)
DA:1,1
DA:2,1
DA:3,1
DA:4,1
DA:6,1
DA:8,1
DA:10,1
DA:11,1
DA:16,1
DA:17,1
DA:21,1
DA:22,1
DA:23,1
DA:25,1
DA:27,1
DA:28,1
DA:31,1
DA:32,0
DA:33,0
DA:34,0
DA:41,1
DA:42,1
DA:43,0
DA:44,0
DA:53,1
DA:54,0
DA:55,0
DA:61,1
DA:62,1
DA:65,1
LF:30
LH:23
BRDA:3,1,0,1
BRDA:3,1,1,1
BRDA:41,2,0,1
BRDA:41,2,1,0
BRDA:43,3,0,0
BRDA:43,3,1,0
BRDA:54,4,0,0
BRDA:54,4,1,0
BRF:8
BRH:3
end_of_record
TN:
SF:/Users/tayevon/Dropbox/GAWebDevtImmersive/week6/express-lab/labapp/routes/index.js
FNF:0
FNH:0
DA:1,1
DA:2,1
DA:4,1
DA:5,1
DA:12,1
DA:14,1
DA:15,12
DA:16,12
DA:17,12
DA:20,1
DA:21,12
DA:22,12
DA:23,12
DA:27,1
DA:28,6
DA:32,1
DA:33,0
DA:39,1
DA:40,1
DA:44,1
DA:46,2
DA:48,2
DA:52,2
DA:53,1
DA:56,1
DA:61,1
DA:65,1
DA:69,1
DA:70,2
DA:71,2
DA:72,2
DA:73,2
DA:77,1
DA:78,1
DA:79,1
DA:83,1
LF:36
LH:35
BRDA:52,1,0,1
BRDA:52,1,1,1
BRF:2
BRH:2
end_of_record
TN:
SF:/Users/tayevon/Dropbox/GAWebDevtImmersive/week6/express-lab/labapp/routes/users.js
FN:5,(anonymous_1)
FNF:1
FNH:0
FNDA:0,(anonymous_1)
DA:1,1
DA:2,1
DA:5,1
DA:6,0
DA:9,1
LF:5
LH:4
BRF:0
BRH:0
end_of_record
